<?xml version="1.0" encoding="UTF-8"?>
<!-- Generated by org.testng.reporters.JUnitXMLReporter -->
<testsuite ignored="0" hostname="DESKTOP-N13ARBV" failures="0" tests="2" name="Default test" time="4.953" errors="0" timestamp="2022-01-25T10:33:40 IST">
  <testcase classname="API_Testing.RestAssuredAPITesting.TC03_SingleUser_NotFound" name="getUser" time="0.062"/>
  <testcase classname="API_Testing.RestAssuredAPITesting.TC03_SingleUser_NotFound" name="headerverification" time="0.016"/>
</testsuite> <!-- Default test -->
