<?xml version="1.0" encoding="UTF-8"?>
<testng-results ignored="0" total="2" passed="2" failed="0" skipped="0">
  <reporter-output>
  </reporter-output>
  <suite started-at="2022-01-25T10:33:35 IST" name="Default suite" finished-at="2022-01-25T10:33:40 IST" duration-ms="4953">
    <groups>
    </groups>
    <test started-at="2022-01-25T10:33:35 IST" name="Default test" finished-at="2022-01-25T10:33:40 IST" duration-ms="4953">
      <class name="API_Testing.RestAssuredAPITesting.TC03_SingleUser_NotFound">
        <test-method is-config="true" signature="beforeTest()[pri:0, instance:API_Testing.RestAssuredAPITesting.TC03_SingleUser_NotFound@22e357dc]" started-at="2022-01-25T10:33:35 IST" name="beforeTest" finished-at="2022-01-25T10:33:40 IST" duration-ms="4829" status="PASS">
          <reporter-output>
          </reporter-output>
        </test-method> <!-- beforeTest -->
        <test-method signature="getUser()[pri:0, instance:API_Testing.RestAssuredAPITesting.TC03_SingleUser_NotFound@22e357dc]" started-at="2022-01-25T10:33:40 IST" name="getUser" finished-at="2022-01-25T10:33:40 IST" duration-ms="62" status="PASS">
          <reporter-output>
          </reporter-output>
        </test-method> <!-- getUser -->
        <test-method signature="headerverification()[pri:0, instance:API_Testing.RestAssuredAPITesting.TC03_SingleUser_NotFound@22e357dc]" started-at="2022-01-25T10:33:40 IST" name="headerverification" finished-at="2022-01-25T10:33:40 IST" duration-ms="16" status="PASS">
          <reporter-output>
          </reporter-output>
        </test-method> <!-- headerverification -->
      </class> <!-- API_Testing.RestAssuredAPITesting.TC03_SingleUser_NotFound -->
    </test> <!-- Default test -->
  </suite> <!-- Default suite -->
</testng-results>
